Logging run to: ./logs/2025-11-06_00-31-33
Warning: Could not connect to Ollama. Is it running? Error: KeyError: 'name'
Starting pipeline: ./C_repo -> ./Java_repo_falcon3:10b
Output directory created/ensured at: ./Java_repo_falcon3:10b

Processing file: ./C_repo/test_16.c
  > Translating global variable...
  > Translating function 'increment_global'...
  > Translating function 'main'...
Successfully saved Java code to ./Java_repo_falcon3:10b/Test_16.java

--- Verification Stage ---
  > Compiling and running C baseline: ./C_repo/test_16.c
  > Compiling and running translated Java: ./Java_repo_falcon3:10b/Test_16.java
  > Java FAILED: Java Compilation Failed: ./Java_repo_falcon3:10b/Test_16.java:6: error: cannot assign a value to final variable g_counter
      g_counter += 5;
      ^
./Java_repo_falcon3:10b/Test_16.java:13: error: cannot assign a value to final variable g_counter
      g_counter = 1;
      ^
2 errors


Processing file: ./C_repo/test_18.c
  > Translating struct...
  > Translating function 'main'...
Successfully saved Java code to ./Java_repo_falcon3:10b/Test_18.java

--- Verification Stage ---
  > Compiling and running C baseline: ./C_repo/test_18.c
  > Compiling and running translated Java: ./Java_repo_falcon3:10b/Test_18.java
  > Java FAILED: Java Execution Failed: Error: Could not find or load main class Test_18
Caused by: java.lang.ClassNotFoundException: Test_18


Processing file: ./C_repo/test_5.c
  > Translating function 'main'...
Successfully saved Java code to ./Java_repo_falcon3:10b/Test_5.java

--- Verification Stage ---
  > Compiling and running C baseline: ./C_repo/test_5.c
  > Compiling and running translated Java: ./Java_repo_falcon3:10b/Test_5.java
  > Java FAILED: Java Execution Failed: Error: Could not find or load main class Test_5
Caused by: java.lang.ClassNotFoundException: Test_5


Processing file: ./C_repo/test_17.c
  > Translating function 'main'...
Successfully saved Java code to ./Java_repo_falcon3:10b/Test_17.java

--- Verification Stage ---
  > Compiling and running C baseline: ./C_repo/test_17.c
  > Compiling and running translated Java: ./Java_repo_falcon3:10b/Test_17.java
  > Java FAILED: Java Execution Failed: Error: Could not find or load main class Test_17
Caused by: java.lang.ClassNotFoundException: Test_17


Processing file: ./C_repo/test_20.c
  > Translating function 'main'...
Successfully saved Java code to ./Java_repo_falcon3:10b/Test_20.java

--- Verification Stage ---
  > Compiling and running C baseline: ./C_repo/test_20.c
  > Compiling and running translated Java: ./Java_repo_falcon3:10b/Test_20.java
  > Java FAILED: Java Execution Failed: Error: Could not find or load main class Test_20
Caused by: java.lang.ClassNotFoundException: Test_20


Processing file: ./C_repo/test_9.c
  > Translating struct...
  > Translating struct...
  > Translating function 'printGeneric'...
  > Translating function 'main'...
Successfully saved Java code to ./Java_repo_falcon3:10b/Test_9.java

--- Verification Stage ---
  > Compiling and running C baseline: ./C_repo/test_9.c
  > Compiling and running translated Java: ./Java_repo_falcon3:10b/Test_9.java
  > Java FAILED: Java Execution Failed: Error: Could not find or load main class Test_9
Caused by: java.lang.ClassNotFoundException: Test_9


Processing file: ./C_repo/test_12.c
  > Translating function 'main'...
Successfully saved Java code to ./Java_repo_falcon3:10b/Test_12.java

--- Verification Stage ---
  > Compiling and running C baseline: ./C_repo/test_12.c
  > Compiling and running translated Java: ./Java_repo_falcon3:10b/Test_12.java
  > Java FAILED: Java Compilation Failed: ./Java_repo_falcon3:10b/Test_12.java:4: error: enum types must not be local
        enum Status { STOPPED, RUNNING }
        ^
1 error


Processing file: ./C_repo/test_2.c
  > Translating struct...
  > Translating function 'move'...
  > Translating function 'move_copy'...
  > Translating function 'main'...
Successfully saved Java code to ./Java_repo_falcon3:10b/Test_2.java

--- Verification Stage ---
  > Compiling and running C baseline: ./C_repo/test_2.c
  > Compiling and running translated Java: ./Java_repo_falcon3:10b/Test_2.java
  > Java FAILED: Java Execution Failed: Error: Could not find or load main class Test_2
Caused by: java.lang.ClassNotFoundException: Test_2


Processing file: ./C_repo/test_3.c
  > Translating function 'main'...
Successfully saved Java code to ./Java_repo_falcon3:10b/Test_3.java

--- Verification Stage ---
  > Compiling and running C baseline: ./C_repo/test_3.c
  > Compiling and running translated Java: ./Java_repo_falcon3:10b/Test_3.java
  > Java FAILED: Java Execution Failed: Error: Could not find or load main class Test_3
Caused by: java.lang.ClassNotFoundException: Test_3


Processing file: ./C_repo/test_4.c
  > Translating function 'main'...
Successfully saved Java code to ./Java_repo_falcon3:10b/Test_4.java

--- Verification Stage ---
  > Compiling and running C baseline: ./C_repo/test_4.c
  > Compiling and running translated Java: ./Java_repo_falcon3:10b/Test_4.java
  > Java FAILED: Java Execution Failed: Error: Could not find or load main class Test_4
Caused by: java.lang.ClassNotFoundException: Test_4


Processing file: ./C_repo/test_13.c
  > Translating function 'main'...
Successfully saved Java code to ./Java_repo_falcon3:10b/Test_13.java

--- Verification Stage ---
  > Compiling and running C baseline: ./C_repo/test_13.c
  > Compiling and running translated Java: ./Java_repo_falcon3:10b/Test_13.java
  > Java FAILED: Java Execution Failed: Error: Could not find or load main class Test_13
Caused by: java.lang.ClassNotFoundException: Test_13


Processing file: ./C_repo/test_15.c
  > Translating struct...
  > Translating function 'main'...
Successfully saved Java code to ./Java_repo_falcon3:10b/Test_15.java

--- Verification Stage ---
  > Compiling and running C baseline: ./C_repo/test_15.c
  > Compiling and running translated Java: ./Java_repo_falcon3:10b/Test_15.java
  > Java FAILED: Java Execution Failed: Error: Could not find or load main class Test_15
Caused by: java.lang.ClassNotFoundException: Test_15


Processing file: ./C_repo/test_19.c
  > Translating struct...
  > Translating struct...
  > Translating function 'main'...
Successfully saved Java code to ./Java_repo_falcon3:10b/Test_19.java

--- Verification Stage ---
  > Compiling and running C baseline: ./C_repo/test_19.c
  > Compiling and running translated Java: ./Java_repo_falcon3:10b/Test_19.java
  > Java FAILED: Java Compilation Failed: ./Java_repo_falcon3:10b/Test_19.java:17: error: class Inner is already defined in class Test_19
    public static class Inner {
                  ^
1 error


Processing file: ./C_repo/test_6.c
  > Translating function 'main'...
Successfully saved Java code to ./Java_repo_falcon3:10b/Test_6.java

--- Verification Stage ---
  > Compiling and running C baseline: ./C_repo/test_6.c
  > Compiling and running translated Java: ./Java_repo_falcon3:10b/Test_6.java
  > Java FAILED: Java Execution Failed: Error: Could not find or load main class Test_6
Caused by: java.lang.ClassNotFoundException: Test_6


Processing file: ./C_repo/test_10.c
  > Translating function 'createInt'...
  > Translating function 'main'...
Successfully saved Java code to ./Java_repo_falcon3:10b/Test_10.java

--- Verification Stage ---
  > Compiling and running C baseline: ./C_repo/test_10.c
  > Compiling and running translated Java: ./Java_repo_falcon3:10b/Test_10.java
  > Java FAILED: Java Compilation Failed: ./Java_repo_falcon3:10b/Test_10.java:9: error: incompatible types: Integer cannot be converted to int[]
      createInt(myIntPtr);
                ^
Note: Some messages have been simplified; recompile with -Xdiags:verbose to get full output
1 error


Processing file: ./C_repo/test_14.c
  > Translating function 'main'...
Successfully saved Java code to ./Java_repo_falcon3:10b/Test_14.java

--- Verification Stage ---
  > Compiling and running C baseline: ./C_repo/test_14.c
  > Compiling and running translated Java: ./Java_repo_falcon3:10b/Test_14.java
  > Java FAILED: Java Execution Failed: Error: Could not find or load main class Test_14
Caused by: java.lang.ClassNotFoundException: Test_14


Processing file: ./C_repo/test_7.c
  > Translating function 'add'...
  > Translating function 'subtract'...
  > Translating function 'calculate'...
  > Translating function 'main'...
Successfully saved Java code to ./Java_repo_falcon3:10b/Test_7.java

--- Verification Stage ---
  > Compiling and running C baseline: ./C_repo/test_7.c
  > Compiling and running translated Java: ./Java_repo_falcon3:10b/Test_7.java
  > Java FAILED: Java Compilation Failed: ./Java_repo_falcon3:10b/Test_7.java:11: error: cannot find symbol
    int calculate(int x, int y, IntBinaryOperator op) {
                                ^
  symbol:   class IntBinaryOperator
  location: class Test_7
./Java_repo_falcon3:10b/Test_7.java:16: error: cannot find symbol
        int add_ptr = add;
                      ^
  symbol:   variable add
  location: class Test_7
./Java_repo_falcon3:10b/Test_7.java:17: error: non-static method calculate(int,int,IntBinaryOperator) cannot be referenced from a static context
        System.out.printf("Add: %d\n", calculate(10, 5, add_ptr));
                                       ^
./Java_repo_falcon3:10b/Test_7.java:18: error: cannot find symbol
        System.out.printf("Subtract: %d\n", calculate(10, 5, subtract));
                                                             ^
  symbol:   variable subtract
  location: class Test_7
4 errors


Processing file: ./C_repo/test_1.c
  > Translating function 'main'...
Successfully saved Java code to ./Java_repo_falcon3:10b/Test_1.java

--- Verification Stage ---
  > Compiling and running C baseline: ./C_repo/test_1.c
  > Compiling and running translated Java: ./Java_repo_falcon3:10b/Test_1.java
  > Java FAILED: Java Execution Failed: Error: Could not find or load main class Test_1
Caused by: java.lang.ClassNotFoundException: Test_1


Processing file: ./C_repo/test_8.c
  > Translating struct...
  > Translating function 'main'...
Successfully saved Java code to ./Java_repo_falcon3:10b/Test_8.java

--- Verification Stage ---
  > Compiling and running C baseline: ./C_repo/test_8.c
  > Compiling and running translated Java: ./Java_repo_falcon3:10b/Test_8.java
  > Java FAILED: Java Execution Failed: Error: Could not find or load main class Test_8
Caused by: java.lang.ClassNotFoundException: Test_8


Processing file: ./C_repo/test_11.c
  > Translating function 'main'...
Successfully saved Java code to ./Java_repo_falcon3:10b/Test_11.java

--- Verification Stage ---
  > Compiling and running C baseline: ./C_repo/test_11.c
  > Compiling and running translated Java: ./Java_repo_falcon3:10b/Test_11.java
  > Java FAILED: Java Execution Failed: Error: Could not find or load main class Test_11
Caused by: java.lang.ClassNotFoundException: Test_11

Pipeline finished.
